Fri, 29 Jun 2018 09:37:17 58Spider.py[line:232] INFO ----当前页的项数: 1---- 
Fri, 29 Jun 2018 09:37:18 58Spider.py[line:232] INFO ----当前页的项数: 2---- 
Fri, 29 Jun 2018 09:37:19 58Spider.py[line:232] INFO ----当前页的项数: 3---- 
Fri, 29 Jun 2018 09:37:20 58Spider.py[line:232] INFO ----当前页的项数: 4---- 
Fri, 29 Jun 2018 09:37:21 58Spider.py[line:232] INFO ----当前页的项数: 5---- 
Fri, 29 Jun 2018 09:37:21 58Spider.py[line:232] INFO ----当前页的项数: 6---- 
Fri, 29 Jun 2018 09:37:22 58Spider.py[line:232] INFO ----当前页的项数: 7---- 
Fri, 29 Jun 2018 09:37:23 58Spider.py[line:232] INFO ----当前页的项数: 8---- 
Fri, 29 Jun 2018 09:37:25 58Spider.py[line:232] INFO ----当前页的项数: 9---- 
Fri, 29 Jun 2018 09:37:26 58Spider.py[line:232] INFO ----当前页的项数: 10---- 
Fri, 29 Jun 2018 09:37:33 58Spider.py[line:232] INFO ----当前页的项数: 11---- 
Fri, 29 Jun 2018 09:37:34 58Spider.py[line:232] INFO ----当前页的项数: 12---- 
Fri, 29 Jun 2018 09:37:35 58Spider.py[line:232] INFO ----当前页的项数: 13---- 
Fri, 29 Jun 2018 09:37:36 58Spider.py[line:232] INFO ----当前页的项数: 14---- 
Fri, 29 Jun 2018 09:37:37 58Spider.py[line:232] INFO ----当前页的项数: 15---- 
Fri, 29 Jun 2018 09:37:38 58Spider.py[line:232] INFO ----当前页的项数: 16---- 
Fri, 29 Jun 2018 09:37:39 58Spider.py[line:232] INFO ----当前页的项数: 17---- 
Fri, 29 Jun 2018 09:37:40 58Spider.py[line:232] INFO ----当前页的项数: 18---- 
Fri, 29 Jun 2018 09:37:40 58Spider.py[line:232] INFO ----当前页的项数: 19---- 
Fri, 29 Jun 2018 09:37:41 58Spider.py[line:232] INFO ----当前页的项数: 20---- 
Fri, 29 Jun 2018 09:37:42 58Spider.py[line:232] INFO ----当前页的项数: 21---- 
Fri, 29 Jun 2018 09:37:43 58Spider.py[line:232] INFO ----当前页的项数: 22---- 
Fri, 29 Jun 2018 09:37:45 58Spider.py[line:232] INFO ----当前页的项数: 23---- 
Fri, 29 Jun 2018 09:37:46 58Spider.py[line:232] INFO ----当前页的项数: 24---- 
Fri, 29 Jun 2018 09:37:48 58Spider.py[line:232] INFO ----当前页的项数: 25---- 
Fri, 29 Jun 2018 09:37:49 58Spider.py[line:232] INFO ----当前页的项数: 26---- 
Fri, 29 Jun 2018 09:37:50 58Spider.py[line:232] INFO ----当前页的项数: 27---- 
Fri, 29 Jun 2018 09:37:55 58Spider.py[line:232] INFO ----当前页的项数: 28---- 
Fri, 29 Jun 2018 09:38:02 58Spider.py[line:232] INFO ----当前页的项数: 29---- 
Fri, 29 Jun 2018 09:38:03 58Spider.py[line:232] INFO ----当前页的项数: 30---- 
Fri, 29 Jun 2018 09:38:04 58Spider.py[line:232] INFO ----当前页的项数: 31---- 
Fri, 29 Jun 2018 09:38:05 58Spider.py[line:232] INFO ----当前页的项数: 32---- 
Fri, 29 Jun 2018 09:38:06 58Spider.py[line:232] INFO ----当前页的项数: 33---- 
Fri, 29 Jun 2018 09:38:12 58Spider.py[line:232] INFO ----当前页的项数: 34---- 
Fri, 29 Jun 2018 09:38:13 58Spider.py[line:232] INFO ----当前页的项数: 35---- 
Fri, 29 Jun 2018 09:38:14 58Spider.py[line:232] INFO ----当前页的项数: 36---- 
Fri, 29 Jun 2018 09:38:16 58Spider.py[line:232] INFO ----当前页的项数: 37---- 
Fri, 29 Jun 2018 09:38:18 58Spider.py[line:232] INFO ----当前页的项数: 38---- 
Fri, 29 Jun 2018 09:38:25 58Spider.py[line:232] INFO ----当前页的项数: 39---- 
Fri, 29 Jun 2018 09:38:26 58Spider.py[line:232] INFO ----当前页的项数: 40---- 
Fri, 29 Jun 2018 09:38:27 58Spider.py[line:232] INFO ----当前页的项数: 41---- 
Fri, 29 Jun 2018 09:38:28 58Spider.py[line:232] INFO ----当前页的项数: 42---- 
Fri, 29 Jun 2018 09:38:30 58Spider.py[line:232] INFO ----当前页的项数: 43---- 
Fri, 29 Jun 2018 09:38:31 58Spider.py[line:232] INFO ----当前页的项数: 44---- 
Fri, 29 Jun 2018 09:38:33 58Spider.py[line:232] INFO ----当前页的项数: 45---- 
Fri, 29 Jun 2018 09:38:35 58Spider.py[line:232] INFO ----当前页的项数: 46---- 
Fri, 29 Jun 2018 09:38:36 58Spider.py[line:232] INFO ----当前页的项数: 47---- 
Fri, 29 Jun 2018 09:38:42 58Spider.py[line:232] INFO ----当前页的项数: 48---- 
Fri, 29 Jun 2018 09:38:43 58Spider.py[line:232] INFO ----当前页的项数: 49---- 
Fri, 29 Jun 2018 09:38:44 58Spider.py[line:232] INFO ----当前页的项数: 50---- 
Fri, 29 Jun 2018 09:38:45 58Spider.py[line:232] INFO ----当前页的项数: 51---- 
Fri, 29 Jun 2018 09:38:46 58Spider.py[line:232] INFO ----当前页的项数: 52---- 
Fri, 29 Jun 2018 09:38:48 58Spider.py[line:232] INFO ----当前页的项数: 53---- 
Fri, 29 Jun 2018 09:38:50 58Spider.py[line:232] INFO ----当前页的项数: 54---- 
Fri, 29 Jun 2018 09:38:51 58Spider.py[line:232] INFO ----当前页的项数: 55---- 
Fri, 29 Jun 2018 09:38:52 58Spider.py[line:232] INFO ----当前页的项数: 56---- 
Fri, 29 Jun 2018 09:38:53 58Spider.py[line:232] INFO ----当前页的项数: 57---- 
Fri, 29 Jun 2018 09:38:54 58Spider.py[line:232] INFO ----当前页的项数: 58---- 
Fri, 29 Jun 2018 09:38:56 58Spider.py[line:232] INFO ----当前页的项数: 59---- 
Fri, 29 Jun 2018 09:38:57 58Spider.py[line:232] INFO ----当前页的项数: 60---- 
Fri, 29 Jun 2018 09:38:58 58Spider.py[line:232] INFO ----当前页的项数: 61---- 
Fri, 29 Jun 2018 09:39:04 58Spider.py[line:232] INFO ----当前页的项数: 62---- 
Fri, 29 Jun 2018 09:39:06 58Spider.py[line:232] INFO ----当前页的项数: 63---- 
Fri, 29 Jun 2018 09:39:07 58Spider.py[line:232] INFO ----当前页的项数: 64---- 
Fri, 29 Jun 2018 09:39:14 58Spider.py[line:232] INFO ----当前页的项数: 65---- 
Fri, 29 Jun 2018 09:39:15 58Spider.py[line:232] INFO ----当前页的项数: 66---- 
Fri, 29 Jun 2018 09:39:16 58Spider.py[line:232] INFO ----当前页的项数: 67---- 
Fri, 29 Jun 2018 09:39:17 58Spider.py[line:232] INFO ----当前页的项数: 68---- 
Fri, 29 Jun 2018 09:39:18 58Spider.py[line:232] INFO ----当前页的项数: 69---- 
Fri, 29 Jun 2018 09:39:20 58Spider.py[line:232] INFO ----当前页的项数: 70---- 
Fri, 29 Jun 2018 09:40:22 58Spider.py[line:311] ERROR IncompleteRead(1283 bytes read, 2994 more expected)
Traceback (most recent call last):
  File "/opt/bb/58housing/58Spider.py", line 308, in <module>
    do_xiaoqu_spider(db_xq)
  File "/opt/bb/58housing/58Spider.py", line 183, in do_xiaoqu_spider
    item_info = get_soup(href)
  File "/opt/bb/58housing/58Spider.py", line 144, in get_soup
    source_code = urllib2.urlopen(req, timeout=100).read()
  File "/usr/lib/python2.7/socket.py", line 355, in read
    data = self._sock.recv(rbufsize)
  File "/usr/lib/python2.7/httplib.py", line 588, in read
    return self._read_chunked(amt)
  File "/usr/lib/python2.7/httplib.py", line 648, in _read_chunked
    value.append(self._safe_read(amt))
  File "/usr/lib/python2.7/httplib.py", line 705, in _safe_read
    raise IncompleteRead(''.join(s), amt)
IncompleteRead: IncompleteRead(1283 bytes read, 2994 more expected)
